Using pre-set license
Built from '2022.2/release' branch; Version is '2022.2.0f1 (35dcd44975df) revision 3529940'; Using compiler version '192829333'; Build Type 'Release'
OS: 'Windows 10  (10.0.19042) 64bit Enterprise' Language: 'en' Physical Memory: 16258 MB
BatchMode: 1, IsHumanControllingUs: 0, StartBugReporterOnCrash: 0, Is64bit: 1, IsPro: 1

COMMAND LINE ARGUMENTS:
C:\Program Files\Unity\Hub\Editor\2022.2.0f1\Editor\Unity.exe
-adb2
-batchMode
-noUpm
-name
AssetImportWorker0
-projectPath
D:/UnityProjects/Bannana
-logFile
Logs/AssetImportWorker0.log
-srvPort
61819
Successfully changed project path to: D:/UnityProjects/Bannana
D:/UnityProjects/Bannana
[UnityMemory] Configuration Parameters - Can be set up in boot.config
    "memorysetup-bucket-allocator-granularity=16"
    "memorysetup-bucket-allocator-bucket-count=8"
    "memorysetup-bucket-allocator-block-size=33554432"
    "memorysetup-bucket-allocator-block-count=8"
    "memorysetup-main-allocator-block-size=16777216"
    "memorysetup-thread-allocator-block-size=16777216"
    "memorysetup-gfx-main-allocator-block-size=16777216"
    "memorysetup-gfx-thread-allocator-block-size=16777216"
    "memorysetup-cache-allocator-block-size=4194304"
    "memorysetup-typetree-allocator-block-size=2097152"
    "memorysetup-profiler-bucket-allocator-granularity=16"
    "memorysetup-profiler-bucket-allocator-bucket-count=8"
    "memorysetup-profiler-bucket-allocator-block-size=33554432"
    "memorysetup-profiler-bucket-allocator-block-count=8"
    "memorysetup-profiler-allocator-block-size=16777216"
    "memorysetup-profiler-editor-allocator-block-size=1048576"
    "memorysetup-temp-allocator-size-main=16777216"
    "memorysetup-job-temp-allocator-block-size=2097152"
    "memorysetup-job-temp-allocator-block-size-background=1048576"
    "memorysetup-job-temp-allocator-reduction-small-platforms=262144"
    "memorysetup-temp-allocator-size-background-worker=32768"
    "memorysetup-temp-allocator-size-job-worker=262144"
    "memorysetup-temp-allocator-size-preload-manager=33554432"
    "memorysetup-temp-allocator-size-nav-mesh-worker=65536"
    "memorysetup-temp-allocator-size-audio-worker=65536"
    "memorysetup-temp-allocator-size-cloud-worker=32768"
    "memorysetup-temp-allocator-size-gi-baking-worker=262144"
    "memorysetup-temp-allocator-size-gfx=262144"
Unable to join player connection multicast group (err: 10042).
Unable to join player connection alternative multicast group (err: 10042).
Refreshing native plugins compatible for Editor in 5.90 ms, found 2 plugins.
Preloading 0 native plugins for Editor in 0.00 ms.
Initialize engine version: 2022.2.0f1 (35dcd44975df)
[Subsystems] Discovering subsystems at path C:/Program Files/Unity/Hub/Editor/2022.2.0f1/Editor/Data/Resources/UnitySubsystems
[Subsystems] Discovering subsystems at path D:/UnityProjects/Bannana/Assets
GfxDevice: creating device client; threaded=0; jobified=0
Direct3D:
    Version:  Direct3D 11.0 [level 11.1]
    Renderer: NVIDIA GeForce GTX 1050 (ID=0x1c8d)
    Vendor:   NVIDIA
    VRAM:     4018 MB
    Driver:   31.0.15.2756
Initialize mono
Mono path[0] = 'C:/Program Files/Unity/Hub/Editor/2022.2.0f1/Editor/Data/Managed'
Mono path[1] = 'C:/Program Files/Unity/Hub/Editor/2022.2.0f1/Editor/Data/MonoBleedingEdge/lib/mono/unityjit-win32'
Mono config path = 'C:/Program Files/Unity/Hub/Editor/2022.2.0f1/Editor/Data/MonoBleedingEdge/etc'
Using monoOptions --debugger-agent=transport=dt_socket,embedding=1,server=y,suspend=n,address=127.0.0.1:56036
Begin MonoManager ReloadAssembly
Registering precompiled unity dll's ...
Register platform support module: C:/Program Files/Unity/Hub/Editor/2022.2.0f1/Editor/Data/PlaybackEngines/AndroidPlayer/UnityEditor.Android.Extensions.dll
Register platform support module: C:/Program Files/Unity/Hub/Editor/2022.2.0f1/Editor/Data/PlaybackEngines/WindowsStandaloneSupport/UnityEditor.WindowsStandalone.Extensions.dll
Registered in 0.006402 seconds.
- Loaded All Assemblies, in  0.378 seconds
Native extension for WindowsStandalone target not found
Native extension for Android target not found
Android Extension - Scanning For ADB Devices 130 ms
Mono: successfully reloaded assembly
- Finished resetting the current domain, in  0.489 seconds
Domain Reload Profiling:
	ReloadAssembly (209ms)
		BeginReloadAssembly (78ms)
			ExecutionOrderSort (0ms)
			DisableScriptedObjects (0ms)
			BackupInstance (0ms)
			ReleaseScriptingObjects (0ms)
			CreateAndSetChildDomain (1ms)
		LoadAllAssembliesAndSetupDomain (0ms)
			LoadAssemblies (77ms)
			RebuildTransferFunctionScriptingTraits (0ms)
			SetupTypeCache (165ms)
				TypeCache.Initialize (164ms)
					TypeCache.ScanAssembly (162ms)
				ResolveRequiredComponents (1ms)
		FinalizeReload (0ms)
			ReleaseScriptCaches (0ms)
			RebuildScriptCaches (0ms)
			SetupLoadedEditorAssemblies (410ms)
				LogAssemblyErrors (0ms)
				InitializePlatformSupportModulesInManaged (220ms)
				SetLoadedEditorAssemblies (4ms)
				RefreshPlugins (0ms)
				BeforeProcessingInitializeOnLoad (1ms)
				ProcessInitializeOnLoadAttributes (130ms)
				ProcessInitializeOnLoadMethodAttributes (54ms)
				AfterProcessingInitializeOnLoad (0ms)
				EditorAssembliesLoaded (0ms)
			ExecutionOrderSort2 (0ms)
			AwakeInstancesAfterBackupRestoration (0ms)
========================================================================
Worker process is ready to serve import requests
Begin MonoManager ReloadAssembly
- Loaded All Assemblies, in  1.118 seconds
Refreshing native plugins compatible for Editor in 5.09 ms, found 2 plugins.
Native extension for WindowsStandalone target not found
Native extension for Android target not found
Mono: successfully reloaded assembly
- Finished resetting the current domain, in  0.820 seconds
Domain Reload Profiling:
	ReloadAssembly (670ms)
		BeginReloadAssembly (519ms)
			ExecutionOrderSort (0ms)
			DisableScriptedObjects (20ms)
			BackupInstance (0ms)
			ReleaseScriptingObjects (0ms)
			CreateAndSetChildDomain (132ms)
		LoadAllAssembliesAndSetupDomain (447ms)
			LoadAssemblies (267ms)
			RebuildTransferFunctionScriptingTraits (0ms)
			SetupTypeCache (419ms)
				TypeCache.Initialize (316ms)
					TypeCache.ScanAssembly (308ms)
				ResolveRequiredComponents (14ms)
		FinalizeReload (0ms)
			ReleaseScriptCaches (0ms)
			RebuildScriptCaches (0ms)
			SetupLoadedEditorAssemblies (520ms)
				LogAssemblyErrors (0ms)
				InitializePlatformSupportModulesInManaged (23ms)
				SetLoadedEditorAssemblies (10ms)
				RefreshPlugins (0ms)
				BeforeProcessingInitializeOnLoad (78ms)
				ProcessInitializeOnLoadAttributes (362ms)
				ProcessInitializeOnLoadMethodAttributes (44ms)
				AfterProcessingInitializeOnLoad (4ms)
				EditorAssembliesLoaded (0ms)
			ExecutionOrderSort2 (0ms)
			AwakeInstancesAfterBackupRestoration (6ms)
Launched and connected shader compiler UnityShaderCompiler.exe after 0.03 seconds
Refreshing native plugins compatible for Editor in 8.02 ms, found 2 plugins.
Preloading 0 native plugins for Editor in 0.00 ms.
Unloading 2510 Unused Serialized files (Serialized files now loaded: 0)
Unloading 58 unused Assets / (82.4 KB). Loaded Objects now: 2953.
Memory consumption went from 396.0 MB to 395.9 MB.
Total: 3.526100 ms (FindLiveObjects: 0.584900 ms CreateObjectMapping: 0.292000 ms MarkObjects: 2.538300 ms  DeleteObjects: 0.109800 ms)

AssetImportParameters requested are different than current active one (requested -> active):
  custom:video-decoder-webm-vp8: 9c59270c3fd7afecdb556c50c9e8de78 -> 
  custom:scripting/monoscript/filePath//Library/PackageCache/com.unity.ads@4.4.1/Runtime/Advertisement/MetaData.cs: fcc2240d7f5939e317ba5f73924a62b0 -> 
  custom:scripting/monoscript/filePath//Library/PackageCache/com.unity.ads@4.4.1/Runtime/Advertisement/Platform/Editor/BannerPlaceholder.cs: 47bbd045968b4accb04a83cb1c004944 -> 
  custom:scripting/monoscript/filePath//Library/PackageCache/com.unity.ads@4.4.1/Runtime/Advertisement/Platform/Android/BannerBundle.cs: c2862d54b4d7ad6a7c329caf69f74522 -> 
  custom:container-demuxer-ogg: 62fdf1f143b41e24485cea50d1cbac27 -> 
  custom:AudioImporter_EditorPlatform: d09bf68614088b80899f8185d706f6e7 -> 
  custom:scripting/monoscript/filePath//Library/PackageCache/com.unity.ads@4.4.1/Runtime/Advertisement/Platform/Unsupported/UnsupportedBanner.cs: 94092f492f62a479f89db73a4d75dfe6 -> 
  custom:scripting/monoscript/filePath//Library/PackageCache/com.unity.ads@4.4.1/Runtime/Advertisement/Platform/Android/AndroidLoadListener.cs: f9da6dba1ab0cee865b8bfe528cfa243 -> 
  custom:scripting/monoscript/filePath//Library/PackageCache/com.unity.ads@4.4.1/Runtime/Advertisement/Listeners/IUnityAdsShowListener.cs: cf15f2e00edeff86a072dc96142e6ae8 -> 
  custom:scripting/monoscript/filePath//Library/PackageCache/com.unity.ads@4.4.1/Runtime/Advertisement/Events/StartEventArgs.cs: 488334481efcd4238c3d93437d51344f -> 
  custom:scripting/monoscript/filePath//Library/PackageCache/com.unity.ads@4.4.1/Runtime/Advertisement/Utilities/IUnityLifecycleManager.cs: dc09e18ba7720d75ad974331d1cc46bb -> 
  custom:scripting/monoscript/filePath//Library/PackageCache/com.unity.ads@4.4.1/Runtime/Advertisement/Utilities/EnumUtilities.cs: 5a21a105f58880df6c87f84e99142f1e -> 
  custom:scripting/monoscript/filePath//Library/PackageCache/com.unity.ads@4.4.1/Editor/Parser/ISkAdNetworkParser.cs: 00a2f1799285403c715675afc483a338 -> 
  custom:scripting/monoscript/filePath//Library/PackageCache/com.unity.ads@4.4.1/Runtime/Advertisement/Utilities/Color.cs: 052bd00c2f811370ae18ff5c84d60ae7 -> 
  custom:scripting/monoscript/filePath//Library/PackageCache/com.unity.ads@4.4.1/Runtime/Advertisement/Platform/INativePlatform.cs: 5877a011f50d2e3fb2124ddc38d59367 -> 
  custom:scripting/monoscript/filePath//Library/PackageCache/com.unity.ads@4.4.1/Runtime/Advertisement/Platform/Android/AndroidInitializationListener.cs: 0a66013131439da8021bc2252fd2fb9d -> 
  custom:scripting/monoscript/filePath//Library/PackageCache/com.unity.ads@4.4.1/Runtime/Advertisement/Platform/Editor/EditorBanner.cs: da89a45a10ffa6b32542b8936dea6fa7 -> 
  custom:scripting/monoscript/filePath//Library/PackageCache/com.unity.ads@4.4.1/Runtime/Advertisement/Dispatchers/UnityAdsInitializationListenerMainDispatch.cs: 114773e7dc48b88138ce9f5404f3c39c -> 
  custom:scripting/monoscript/filePath//Library/PackageCache/com.unity.ads@4.4.1/Runtime/Advertisement/Platform/Editor/Placeholder.cs: dc7dc49fb88e9c6a01026b714c085c4e -> 
  custom:video-decoder-ogg-theora: a1e56fd34408186e4bbccfd4996cb3dc -> 
  custom:scripting/monoscript/filePath//Library/PackageCache/com.unity.ads@4.4.1/Editor/Parser/SkAdNetworkParser.cs: 63ea983e03422b5744f7d5ef87e509db -> 
  custom:scripting/monoscript/filePath//Library/PackageCache/com.unity.ads@4.4.1/Runtime/Advertisement/Configuration.cs: cc24c747281f83544d6532b3b619e82e -> 
  custom:scripting/monoscript/filePath//Library/PackageCache/com.unity.ads@4.4.1/Runtime/Advertisement/ShowOptions.cs: 907853a0b23687a252768e983401a2b4 -> 
  custom:framework-win-MediaFoundation: 216162199b28c13a410421893ffa2e32 -> 
  custom:scripting/monoscript/filePath//Library/PackageCache/com.unity.ads@4.4.1/Runtime/Advertisement/Utilities/ApplicationQuit.cs: 693ef360f7cfde012ac34e2d78cc00f0 -> 
  custom:scripting/monoscript/filePath//Library/PackageCache/com.unity.ads@4.4.1/Runtime/Advertisement/Platform/Unsupported/UnsupportedPlatform.cs: 70647992ba3772ae90af74a2f80bfe61 -> 
  custom:scripting/monoscript/filePath//Library/PackageCache/com.unity.ads@4.4.1/Runtime/Advertisement/Platform/IPlatform.cs: 7797606926422d17a325876f68b039f5 -> 
  custom:scripting/monoscript/filePath//Library/PackageCache/com.unity.ads@4.4.1/Runtime/Advertisement/Dispatchers/UnityAdsLoadListenerMainDispatch.cs: 31f1282b5052137ed3fa7eabb52b9550 -> 
  custom:scripting/monoscript/filePath//Library/PackageCache/com.unity.ads@4.4.1/Runtime/Advertisement/Platform/Android/AndroidPlatform.cs: ec502a76f2de8159fa482f5b711d49f3 -> 
  custom:video-encoder-webm-vp8: eb34c28f22e8b96e1ab97ce403110664 -> 
  custom:scripting/monoscript/filePath//Library/PackageCache/com.unity.ads@4.4.1/Runtime/Advertisement/Events/FinishEventArgs.cs: 9c3653493570649906809987784b185d -> 
  custom:scripting/monoscript/filePath//Library/PackageCache/com.unity.ads@4.4.1/Runtime/Advertisement/BannerLoadOptions.cs: 5ef109474c2f91ce9db9f6dca15b8a50 -> 
  custom:scripting/monoscript/filePath//Library/PackageCache/com.unity.ads@4.4.1/Runtime/Advertisement/IBanner.cs: a4dd9caf870f19a68f872dad8602e5bd -> 
  custom:scripting/monoscript/filePath//Library/PackageCache/com.unity.ads@4.4.1/Editor/Parser/SkAdNetworkFileExtension.cs: ce0d5a10118b6d2ddbd380ff99aa16e0 -> 
  custom:scripting/monoscript/filePath//Library/PackageCache/com.unity.ads@4.4.1/Runtime/Advertisement/Utilities/CoroutineExecutor.cs: 81b7e05520d351a5d800b16cdb1a8670 -> 
  custom:audio-decoder-ogg-vorbis: bf7c407c2cedff20999df2af8eb42d56 -> 
  custom:scripting/monoscript/filePath//Library/PackageCache/com.unity.ads@4.4.1/Editor/Source/SkAdNetworkRemoteSource.cs: 4ce6c78ada45cdbd9845161fe5b527d6 -> 
  custom:scripting/precompiled-assembly-types:UnityEngine.Advertisements: 4062c06970f18a18412333fee2d6ff80 -> 
  custom:scripting/monoscript/filePath//Library/PackageCache/com.unity.ads@4.4.1/Runtime/Advertisement/Platform/Android/AndroidBanner.cs: 282e9473b9351b3ad8cc7993d8b7cc25 -> 
  custom:scripting/monoscript/filePath//Library/PackageCache/com.unity.ads@4.4.1/Runtime/Advertisement/INativeBanner.cs: f02486938cf8a3fab600d2aa93479dc5 -> 
  custom:scripting/monoscript/filePath//Library/PackageCache/com.unity.ads@4.4.1/Editor/Source/ISkAdNetworkSource.cs: 2edbde09d15b4fc45971df135bdab360 -> 
  custom:scripting/monoscript/filePath//Library/PackageCache/com.unity.ads@4.4.1/Editor/Parser/SkAdNetworkJsonParser.cs: 71b87fccea5cbea069dc5198c1cc5e35 -> 
  custom:scripting/monoscript/filePath//Library/PackageCache/com.unity.ads@4.4.1/Runtime/Advertisement/Utilities/UnityLifecycleManager.cs: 778ea64b784342f7bc6183d9ebd03d04 -> 
  custom:scripting/monoscript/filePath//Library/PackageCache/com.unity.ads@4.4.1/Runtime/Advertisement/BannerOptions.cs: b20fb271839b57a288ec71ce73eb696b -> 
  custom:scripting/monoscript/filePath//Library/PackageCache/com.unity.ads@4.4.1/Runtime/Advertisement/Dispatchers/UnityAdsShowListenerMainDispatch.cs: 1e941d5a53efb3e56adb8cf815abf8d2 -> 
  custom:scripting/monoscript/filePath//Library/PackageCache/com.unity.ads@4.4.1/Runtime/Advertisement/Listeners/IUnityAdsLoadListener.cs: 50e8b68160e2f2538886aa4b7b61a0f8 -> 
  custom:scripting/precompiled-assembly-types:UnityEngine.Advertisements.Editor: 3556aaf7cf8132e4f5f5fda6e410fc7f -> 
  custom:container-demuxer-webm: 4f35f7cbe854078d1ac9338744f61a02 -> 
  custom:scripting/monoscript/filePath//Library/PackageCache/com.unity.ads@4.4.1/Runtime/Advertisement/Utilities/AssemblyInfoUtilities.cs: cfb54d5f8c64068dbe110183f4c779cf -> 
  custom:scripting/monoscript/filePath//Library/PackageCache/com.unity.ads@4.4.1/Editor/Parser/SkAdNetworkUrlParser.cs: d0c2ddc879b9c58053ead5206b8fd2ee -> 
  custom:scripting/monoscript/filePath//Library/PackageCache/com.unity.ads@4.4.1/Editor/Source/SkAdNetworkLocalSource.cs: 24e2e363b7d610ab03d61705aa54cdc1 -> 
  custom:scripting/monoscript/filePath//Library/PackageCache/com.unity.ads@4.4.1/Editor/Parser/SkAdNetworkXmlParser.cs: c4d791522d8060bb36e3ca53a1e3c472 -> 
  custom:scripting/monoscript/filePath//Library/PackageCache/com.unity.ads@4.4.1/Runtime/Advertisement/Platform/Editor/EditorPlatform.cs: ebfc104a013cfcf421039da869bd9a12 -> 
  custom:scripting/monoscript/filePath//Library/PackageCache/com.unity.ads@4.4.1/Runtime/Advertisement/Platform/Platform.cs: da80c80ab243bb84b0ec9b692f173112 -> 
  custom:scripting/monoscript/filePath//Library/PackageCache/com.unity.ads@4.4.1/Runtime/Advertisement/Banner.cs: 3e272af97a50c7297b83c105075660c2 -> 
  custom:scripting/monoscript/filePath//Library/PackageCache/com.unity.ads@4.4.1/Runtime/Advertisement/Advertisement.cs: bad71cf0e2a8fca120370f5532aa5b86 -> 
  custom:audio-encoder-webm-vorbis: bf7c407c2cedff20999df2af8eb42d56 -> 
  custom:scripting/monoscript/filePath//Library/PackageCache/com.unity.ads@4.4.1/Runtime/Advertisement/Utilities/MiniJSON.cs: 2dbd311cba560b436aa758b7825c33ef -> 
  custom:scripting/monoscript/filePath//Library/PackageCache/com.unity.ads@4.4.1/Editor/AdsLegacyToMediationPopup.cs: 5f7f0ffc6f9fd389bdc0a71db01a99a4 -> 
  custom:scripting/monoscript/filePath//Library/PackageCache/com.unity.ads@4.4.1/Editor/Source/SkAdNetworkLocalSourceProvider.cs: cf168d41ae0339006b9d3e85924e1e18 -> 
  custom:scripting/monoscript/filePath//Library/PackageCache/com.unity.ads@4.4.1/Runtime/Advertisement/Listeners/IUnityAdsInitializationListener.cs: f10a0c5171fd22d7c1e94f51b88aef68 -> 
  custom:container-muxer-webm: aa71ff27fc2769a1b78a27578f13a17b -> 
  custom:scripting/monoscript/filePath//Library/PackageCache/com.unity.ads@4.4.1/Runtime/Advertisement/Platform/Android/AndroidShowListener.cs: 68f60435133353c463fd4ba8612cd1d3 -> 
  custom:scripting/monoscript/filePath//Library/PackageCache/com.unity.settings-manager@2.0.1/Editor/UserSettingsRepository.cs:  -> ae597ef6d1f82569d0712c7aa6402b32
  custom:scripting/monoscript/filePath//Library/PackageCache/com.unity.settings-manager@2.0.1/Editor/SettingsDictionary.cs:  -> e941855db0e185f03d09c69190ab7025
  custom:scripting/precompiled-assembly-types:Unity.Settings.Editor:  -> ba51ace7a8be8aaa2f60e4a1cbfce5ab
  custom:scripting/monoscript/filePath//Library/PackageCache/com.unity.settings-manager@2.0.1/Editor/ValueWrapper.cs:  -> fb0020b921d8d1fb9a55c668562cb945
  custom:scripting/monoscript/filePath//Library/PackageCache/com.unity.settings-manager@2.0.1/Editor/UserSetting.cs:  -> 17c1327a0728d03041888f867a44dbc5
  custom:scripting/monoscript/filePath//Library/PackageCache/com.unity.settings-manager@2.0.1/Editor/SettingsGUILayout.cs:  -> 4047e839852382901fdcd59c127d0a80
  custom:scripting/monoscript/filePath//Library/PackageCache/com.unity.settings-manager@2.0.1/Editor/FileSettingsRepository.cs:  -> 26dd9fac1ce03dccc58801e79f909037
  custom:scripting/monoscript/filePath//Library/PackageCache/com.unity.settings-manager@2.0.1/Editor/UserSettingsProvider.cs:  -> 4760d3420ad2c29a4ebaf24e4e6e6ac1
  custom:scripting/monoscript/filePath//Library/PackageCache/com.unity.settings-manager@2.0.1/Editor/ISettingsRepository.cs:  -> c644889b75049794adfff59de4a57ec6
  custom:scripting/monoscript/filePath//Library/PackageCache/com.unity.settings-manager@2.0.1/Editor/ProjectUserSettings.cs:  -> 45b935268a6ef891e8577fe004b3f872
  custom:scripting/monoscript/filePath//Library/PackageCache/com.unity.settings-manager@2.0.1/Editor/UserSettings.cs:  -> f2f6e07d0ff2c4f74ff78dca7a736f53
  custom:scripting/monoscript/filePath//Library/PackageCache/com.unity.settings-manager@2.0.1/Editor/Attributes.cs:  -> 9d3861389974f0823e7e341aa6c23dae
  custom:scripting/monoscript/filePath//Library/PackageCache/com.unity.settings-manager@2.0.1/Editor/PackageSettingsRepository.cs:  -> 3d7ef57a71ca69fa31cb043698cb6983
  custom:scripting/monoscript/filePath//Library/PackageCache/com.unity.settings-manager@2.0.1/Editor/Settings.cs:  -> ea9d1b04d3864b3b689bed16ba2743db
========================================================================
Received Import Request.
  Time since last request: 4122.899257 seconds.
  path: Assets/Scene/SampleScene.unity
  artifactKey: Guid(2cda990e2423bbf4892e6590ba056729) Importer(815301076,1909f56bfc062723c751e8b465ee728b)
Number of updated assets reloaded before import = 0
Start importing Assets/Scene/SampleScene.unity using Guid(2cda990e2423bbf4892e6590ba056729) Importer(815301076,1909f56bfc062723c751e8b465ee728b)  -> (artifact id: 'a0d359049aec8832dce8f79b1c8895f2') in 0.003626 seconds 
Number of asset objects unloaded after import = 0
========================================================================
Received Import Request.
  Time since last request: 198.676986 seconds.
  path: Assets/Scene/SampleSceneSettings.lighting
  artifactKey: Guid(30fcf7c44a606e042ad823865f980979) Importer(815301076,1909f56bfc062723c751e8b465ee728b)
Number of updated assets reloaded before import = 0
Start importing Assets/Scene/SampleSceneSettings.lighting using Guid(30fcf7c44a606e042ad823865f980979) Importer(815301076,1909f56bfc062723c751e8b465ee728b) LightingSettings: switching bake backend from 1 to 0.
 -> (artifact id: 'f79c65842ccd1e7e32f7ceb22e36d616') in 0.026414 seconds 
Number of asset objects unloaded after import = 1
========================================================================
Received Import Request.
  Time since last request: 9.521994 seconds.
  path: Assets/Scripts/Main
  artifactKey: Guid(4cfc416e4cbd82048a71563df5472f22) Importer(815301076,1909f56bfc062723c751e8b465ee728b)
Number of updated assets reloaded before import = 0
Start importing Assets/Scripts/Main using Guid(4cfc416e4cbd82048a71563df5472f22) Importer(815301076,1909f56bfc062723c751e8b465ee728b)  -> (artifact id: 'e0e2f89589e6747887fa1f9e15081353') in 0.000910 seconds 
Number of asset objects unloaded after import = 0
========================================================================
Received Import Request.
  Time since last request: 1.496320 seconds.
  path: Assets/Scripts/Main/Data.cs
  artifactKey: Guid(e3be1fe280606694b95ff043d8b3a833) Importer(815301076,1909f56bfc062723c751e8b465ee728b)
Number of updated assets reloaded before import = 0
Start importing Assets/Scripts/Main/Data.cs using Guid(e3be1fe280606694b95ff043d8b3a833) Importer(815301076,1909f56bfc062723c751e8b465ee728b)  -> (artifact id: '00f01756f0f389ed4ff8fa22191ec25b') in 0.007239 seconds 
Number of asset objects unloaded after import = 0
========================================================================
Received Import Request.
  Time since last request: 34.778422 seconds.
  path: Assets/Resources/Ball.prefab
  artifactKey: Guid(b4c32ad6b8822094a8b81f3e3fd017ec) Importer(815301076,1909f56bfc062723c751e8b465ee728b)
Number of updated assets reloaded before import = 0
Start importing Assets/Resources/Ball.prefab using Guid(b4c32ad6b8822094a8b81f3e3fd017ec) Importer(815301076,1909f56bfc062723c751e8b465ee728b)  -> (artifact id: '0c98ee45f7d4c61783702baca2de398d') in 0.134769 seconds 
Number of asset objects unloaded after import = 10
========================================================================
Received Import Request.
  Time since last request: 1.330418 seconds.
  path: Assets/Resources/Json
  artifactKey: Guid(32575b4f04a79e147993fcf761d09fda) Importer(815301076,1909f56bfc062723c751e8b465ee728b)
Number of updated assets reloaded before import = 0
Start importing Assets/Resources/Json using Guid(32575b4f04a79e147993fcf761d09fda) Importer(815301076,1909f56bfc062723c751e8b465ee728b)  -> (artifact id: '64ab5cf69affa2d2502478795afdd22e') in 0.000953 seconds 
Number of asset objects unloaded after import = 0
========================================================================
Received Import Request.
  Time since last request: 0.724726 seconds.
  path: Assets/Resources/Json/load
  artifactKey: Guid(f0f002da08a53c14d86447bc0abaf058) Importer(815301076,1909f56bfc062723c751e8b465ee728b)
Number of updated assets reloaded before import = 0
Start importing Assets/Resources/Json/load using Guid(f0f002da08a53c14d86447bc0abaf058) Importer(815301076,1909f56bfc062723c751e8b465ee728b)  -> (artifact id: '545ace67aad655f28c823782cbf548b3') in 0.001432 seconds 
Number of asset objects unloaded after import = 1
========================================================================
Received Import Request.
  Time since last request: 0.390114 seconds.
  path: Assets/Resources/Json/load.json
  artifactKey: Guid(fcbdea9ad1e26bc4a8df3fed9a630b54) Importer(815301076,1909f56bfc062723c751e8b465ee728b)
Number of updated assets reloaded before import = 0
Start importing Assets/Resources/Json/load.json using Guid(fcbdea9ad1e26bc4a8df3fed9a630b54) Importer(815301076,1909f56bfc062723c751e8b465ee728b)  -> (artifact id: '7732aadd5407ef91f233046162be4cda') in 0.005269 seconds 
Number of asset objects unloaded after import = 1
========================================================================
Received Import Request.
  Time since last request: 2.415498 seconds.
  path: Assets/Resources/Json/save.json
  artifactKey: Guid(df68a4bdbc9edda42a7f9808f4ace1d7) Importer(815301076,1909f56bfc062723c751e8b465ee728b)
Number of updated assets reloaded before import = 0
Start importing Assets/Resources/Json/save.json using Guid(df68a4bdbc9edda42a7f9808f4ace1d7) Importer(815301076,1909f56bfc062723c751e8b465ee728b)  -> (artifact id: '1c0186eafa2aec9b5799970744269cf4') in 0.001183 seconds 
Number of asset objects unloaded after import = 1
========================================================================
Received Import Request.
  Time since last request: 2.371219 seconds.
  path: Assets/Resources/Material/BlueRubber.mat
  artifactKey: Guid(e695e37ead23dcb49b8bda9d2f4710a5) Importer(815301076,1909f56bfc062723c751e8b465ee728b)
Number of updated assets reloaded before import = 0
Start importing Assets/Resources/Material/BlueRubber.mat using Guid(e695e37ead23dcb49b8bda9d2f4710a5) Importer(815301076,1909f56bfc062723c751e8b465ee728b)  -> (artifact id: '84b4876a15ef8417c38f0c040778517f') in 0.028256 seconds 
Number of asset objects unloaded after import = 1
========================================================================
Received Import Request.
  Time since last request: 0.000019 seconds.
  path: Assets/Resources/Material/trajectory.mat
  artifactKey: Guid(e818566dca079d44ca792c8b5e7b0d4a) Importer(815301076,1909f56bfc062723c751e8b465ee728b)
Number of updated assets reloaded before import = 0
Start importing Assets/Resources/Material/trajectory.mat using Guid(e818566dca079d44ca792c8b5e7b0d4a) Importer(815301076,1909f56bfc062723c751e8b465ee728b)  -> (artifact id: '029395b86d8596ef0b94fdb5e21ff2c0') in 0.122490 seconds 
Number of asset objects unloaded after import = 1
========================================================================
Received Import Request.
  Time since last request: 2.575632 seconds.
  path: Assets/Resources/Sprites/Baseball.png
  artifactKey: Guid(00b7d33e0c6ff1a4eac49eba2ea1fe20) Importer(815301076,1909f56bfc062723c751e8b465ee728b)
Number of updated assets reloaded before import = 0
Start importing Assets/Resources/Sprites/Baseball.png using Guid(00b7d33e0c6ff1a4eac49eba2ea1fe20) Importer(815301076,1909f56bfc062723c751e8b465ee728b)  -> (artifact id: '3eb337ef970e587df9774e32b54b22b8') in 0.049288 seconds 
Number of asset objects unloaded after import = 3
========================================================================
Received Import Request.
  Time since last request: 0.000015 seconds.
  path: Assets/Resources/Sprites/rubber.png
  artifactKey: Guid(f0ca115e65d7d5e42b00c52950ea39bc) Importer(815301076,1909f56bfc062723c751e8b465ee728b)
Number of updated assets reloaded before import = 0
Start importing Assets/Resources/Sprites/rubber.png using Guid(f0ca115e65d7d5e42b00c52950ea39bc) Importer(815301076,1909f56bfc062723c751e8b465ee728b)  -> (artifact id: '0a86dc1b954006f2e64b4c140a3779f5') in 0.013761 seconds 
Number of asset objects unloaded after import = 3
========================================================================
Received Import Request.
  Time since last request: 0.000028 seconds.
  path: Assets/Resources/Sprites/SoccerBall.png
  artifactKey: Guid(951f56972a42c864e827f15f08c70edb) Importer(815301076,1909f56bfc062723c751e8b465ee728b)
Number of updated assets reloaded before import = 0
Start importing Assets/Resources/Sprites/SoccerBall.png using Guid(951f56972a42c864e827f15f08c70edb) Importer(815301076,1909f56bfc062723c751e8b465ee728b)  -> (artifact id: '12b4995949c0634ea161f42262b523fe') in 0.027977 seconds 
Number of asset objects unloaded after import = 3
========================================================================
Received Import Request.
  Time since last request: 13.066662 seconds.
  path: Packages/com.unity.nuget.newtonsoft-json
  artifactKey: Guid(7e7d2b05dd6ea119ce16861d56d99a82) Importer(815301076,1909f56bfc062723c751e8b465ee728b)
Number of updated assets reloaded before import = 0
Start importing Packages/com.unity.nuget.newtonsoft-json using Guid(7e7d2b05dd6ea119ce16861d56d99a82) Importer(815301076,1909f56bfc062723c751e8b465ee728b)  -> (artifact id: 'e29c07ae07e0c0e082f825ffb287ab63') in 0.002209 seconds 
Number of asset objects unloaded after import = 0
========================================================================
Received Prepare
Begin MonoManager ReloadAssembly
- Loaded All Assemblies, in  0.551 seconds
Refreshing native plugins compatible for Editor in 4.33 ms, found 2 plugins.
Native extension for WindowsStandalone target not found
Native extension for Android target not found
Package Manager log level set to [2]
[Package Manager] Server::EnsureServerProcessIsRunning -- launch failed, reason: Unity was launched with the -noUpm command-line argument
[Package Manager] UpmClient::Send -- Unable to send message (not connected to UPM process).
[Package Manager] Cannot connect to Unity Package Manager local server
Mono: successfully reloaded assembly
- Finished resetting the current domain, in  0.725 seconds
Domain Reload Profiling:
	ReloadAssembly (191ms)
		BeginReloadAssembly (112ms)
			ExecutionOrderSort (0ms)
			DisableScriptedObjects (6ms)
			BackupInstance (0ms)
			ReleaseScriptingObjects (0ms)
			CreateAndSetChildDomain (32ms)
		LoadAllAssembliesAndSetupDomain (359ms)
			LoadAssemblies (67ms)
			RebuildTransferFunctionScriptingTraits (0ms)
			SetupTypeCache (337ms)
				TypeCache.Initialize (244ms)
					TypeCache.ScanAssembly (240ms)
				ResolveRequiredComponents (3ms)
		FinalizeReload (0ms)
			ReleaseScriptCaches (0ms)
			RebuildScriptCaches (0ms)
			SetupLoadedEditorAssemblies (501ms)
				LogAssemblyErrors (0ms)
				InitializePlatformSupportModulesInManaged (22ms)
				SetLoadedEditorAssemblies (5ms)
				RefreshPlugins (0ms)
				BeforeProcessingInitializeOnLoad (56ms)
				ProcessInitializeOnLoadAttributes (250ms)
				ProcessInitializeOnLoadMethodAttributes (163ms)
				AfterProcessingInitializeOnLoad (5ms)
				EditorAssembliesLoaded (0ms)
			ExecutionOrderSort2 (0ms)
			AwakeInstancesAfterBackupRestoration (5ms)
Refreshing native plugins compatible for Editor in 4.65 ms, found 2 plugins.
Preloading 0 native plugins for Editor in 0.00 ms.
Unloading 2504 Unused Serialized files (Serialized files now loaded: 0)
Unloading 49 unused Assets / (49.3 KB). Loaded Objects now: 3001.
Memory consumption went from 401.3 MB to 401.2 MB.
Total: 5.920200 ms (FindLiveObjects: 0.224600 ms CreateObjectMapping: 0.205000 ms MarkObjects: 5.423900 ms  DeleteObjects: 0.065700 ms)

AssetImportParameters requested are different than current active one (requested -> active):
  custom:video-decoder-webm-vp8: 9c59270c3fd7afecdb556c50c9e8de78 -> 
  custom:container-demuxer-ogg: 62fdf1f143b41e24485cea50d1cbac27 -> 
  custom:AudioImporter_EditorPlatform: d09bf68614088b80899f8185d706f6e7 -> 
  custom:video-decoder-ogg-theora: a1e56fd34408186e4bbccfd4996cb3dc -> 
  custom:framework-win-MediaFoundation: 216162199b28c13a410421893ffa2e32 -> 
  custom:video-encoder-webm-vp8: eb34c28f22e8b96e1ab97ce403110664 -> 
  custom:audio-decoder-ogg-vorbis: bf7c407c2cedff20999df2af8eb42d56 -> 
  custom:container-demuxer-webm: 4f35f7cbe854078d1ac9338744f61a02 -> 
  custom:audio-encoder-webm-vorbis: bf7c407c2cedff20999df2af8eb42d56 -> 
  custom:container-muxer-webm: aa71ff27fc2769a1b78a27578f13a17b -> 
========================================================================
Received Prepare
Begin MonoManager ReloadAssembly
- Loaded All Assemblies, in  0.606 seconds
Refreshing native plugins compatible for Editor in 6.99 ms, found 2 plugins.
Native extension for WindowsStandalone target not found
Native extension for Android target not found
[Package Manager] Server::EnsureServerProcessIsRunning -- launch failed, reason: Unity was launched with the -noUpm command-line argument
[Package Manager] UpmClient::Send -- Unable to send message (not connected to UPM process).
[Package Manager] Cannot connect to Unity Package Manager local server
Mono: successfully reloaded assembly
- Finished resetting the current domain, in  0.767 seconds
Domain Reload Profiling:
	ReloadAssembly (236ms)
		BeginReloadAssembly (142ms)
			ExecutionOrderSort (0ms)
			DisableScriptedObjects (7ms)
			BackupInstance (0ms)
			ReleaseScriptingObjects (0ms)
			CreateAndSetChildDomain (41ms)
		LoadAllAssembliesAndSetupDomain (369ms)
			LoadAssemblies (76ms)
			RebuildTransferFunctionScriptingTraits (0ms)
			SetupTypeCache (351ms)
				TypeCache.Initialize (239ms)
					TypeCache.ScanAssembly (235ms)
				ResolveRequiredComponents (4ms)
		FinalizeReload (0ms)
			ReleaseScriptCaches (0ms)
			RebuildScriptCaches (0ms)
			SetupLoadedEditorAssemblies (514ms)
				LogAssemblyErrors (0ms)
				InitializePlatformSupportModulesInManaged (22ms)
				SetLoadedEditorAssemblies (5ms)
				RefreshPlugins (0ms)
				BeforeProcessingInitializeOnLoad (62ms)
				ProcessInitializeOnLoadAttributes (255ms)
				ProcessInitializeOnLoadMethodAttributes (164ms)
				AfterProcessingInitializeOnLoad (5ms)
				EditorAssembliesLoaded (0ms)
			ExecutionOrderSort2 (0ms)
			AwakeInstancesAfterBackupRestoration (7ms)
Refreshing native plugins compatible for Editor in 4.87 ms, found 2 plugins.
Preloading 0 native plugins for Editor in 0.00 ms.
Unloading 2464 Unused Serialized files (Serialized files now loaded: 0)
Unloading 68 unused Assets / (66.3 KB). Loaded Objects now: 2985.
Memory consumption went from 396.2 MB to 396.2 MB.
Total: 5.636400 ms (FindLiveObjects: 0.216100 ms CreateObjectMapping: 0.200300 ms MarkObjects: 5.137400 ms  DeleteObjects: 0.081500 ms)

AssetImportParameters requested are different than current active one (requested -> active):
  custom:video-decoder-webm-vp8: 9c59270c3fd7afecdb556c50c9e8de78 -> 
  custom:container-demuxer-ogg: 62fdf1f143b41e24485cea50d1cbac27 -> 
  custom:AudioImporter_EditorPlatform: d09bf68614088b80899f8185d706f6e7 -> 
  custom:video-decoder-ogg-theora: a1e56fd34408186e4bbccfd4996cb3dc -> 
  custom:framework-win-MediaFoundation: 216162199b28c13a410421893ffa2e32 -> 
  custom:video-encoder-webm-vp8: eb34c28f22e8b96e1ab97ce403110664 -> 
  custom:audio-decoder-ogg-vorbis: bf7c407c2cedff20999df2af8eb42d56 -> 
  custom:container-demuxer-webm: 4f35f7cbe854078d1ac9338744f61a02 -> 
  custom:audio-encoder-webm-vorbis: bf7c407c2cedff20999df2af8eb42d56 -> 
  custom:container-muxer-webm: aa71ff27fc2769a1b78a27578f13a17b -> 
========================================================================
Received Prepare
Begin MonoManager ReloadAssembly
- Loaded All Assemblies, in  0.563 seconds
Refreshing native plugins compatible for Editor in 4.07 ms, found 2 plugins.
Native extension for WindowsStandalone target not found
Native extension for Android target not found
[Package Manager] Server::EnsureServerProcessIsRunning -- launch failed, reason: Unity was launched with the -noUpm command-line argument
[Package Manager] UpmClient::Send -- Unable to send message (not connected to UPM process).
[Package Manager] Cannot connect to Unity Package Manager local server
Mono: successfully reloaded assembly
- Finished resetting the current domain, in  0.711 seconds
Domain Reload Profiling:
	ReloadAssembly (225ms)
		BeginReloadAssembly (137ms)
			ExecutionOrderSort (0ms)
			DisableScriptedObjects (7ms)
			BackupInstance (0ms)
			ReleaseScriptingObjects (0ms)
			CreateAndSetChildDomain (36ms)
		LoadAllAssembliesAndSetupDomain (337ms)
			LoadAssemblies (80ms)
			RebuildTransferFunctionScriptingTraits (0ms)
			SetupTypeCache (319ms)
				TypeCache.Initialize (234ms)
					TypeCache.ScanAssembly (230ms)
				ResolveRequiredComponents (2ms)
		FinalizeReload (0ms)
			ReleaseScriptCaches (0ms)
			RebuildScriptCaches (0ms)
			SetupLoadedEditorAssemblies (458ms)
				LogAssemblyErrors (0ms)
				InitializePlatformSupportModulesInManaged (21ms)
				SetLoadedEditorAssemblies (4ms)
				RefreshPlugins (0ms)
				BeforeProcessingInitializeOnLoad (51ms)
				ProcessInitializeOnLoadAttributes (237ms)
				ProcessInitializeOnLoadMethodAttributes (141ms)
				AfterProcessingInitializeOnLoad (3ms)
				EditorAssembliesLoaded (0ms)
			ExecutionOrderSort2 (0ms)
			AwakeInstancesAfterBackupRestoration (5ms)
Refreshing native plugins compatible for Editor in 4.59 ms, found 2 plugins.
Preloading 0 native plugins for Editor in 0.00 ms.
Unloading 2278 Unused Serialized files (Serialized files now loaded: 0)
Unloading 134 unused Assets / (99.3 KB). Loaded Objects now: 2881.
Memory consumption went from 370.6 MB to 370.5 MB.
Total: 5.940700 ms (FindLiveObjects: 0.292900 ms CreateObjectMapping: 0.255100 ms MarkObjects: 5.248200 ms  DeleteObjects: 0.143600 ms)

AssetImportParameters requested are different than current active one (requested -> active):
  custom:video-decoder-webm-vp8: 9c59270c3fd7afecdb556c50c9e8de78 -> 
  custom:container-demuxer-ogg: 62fdf1f143b41e24485cea50d1cbac27 -> 
  custom:AudioImporter_EditorPlatform: d09bf68614088b80899f8185d706f6e7 -> 
  custom:video-decoder-ogg-theora: a1e56fd34408186e4bbccfd4996cb3dc -> 
  custom:framework-win-MediaFoundation: 216162199b28c13a410421893ffa2e32 -> 
  custom:video-encoder-webm-vp8: eb34c28f22e8b96e1ab97ce403110664 -> 
  custom:audio-decoder-ogg-vorbis: bf7c407c2cedff20999df2af8eb42d56 -> 
  custom:container-demuxer-webm: 4f35f7cbe854078d1ac9338744f61a02 -> 
  custom:audio-encoder-webm-vorbis: bf7c407c2cedff20999df2af8eb42d56 -> 
  custom:container-muxer-webm: aa71ff27fc2769a1b78a27578f13a17b -> 
========================================================================
Received Prepare
Begin MonoManager ReloadAssembly
- Loaded All Assemblies, in  0.622 seconds
Refreshing native plugins compatible for Editor in 4.40 ms, found 2 plugins.
Native extension for WindowsStandalone target not found
Native extension for Android target not found
[Package Manager] Server::EnsureServerProcessIsRunning -- launch failed, reason: Unity was launched with the -noUpm command-line argument
[Package Manager] UpmClient::Send -- Unable to send message (not connected to UPM process).
[Package Manager] Cannot connect to Unity Package Manager local server
Mono: successfully reloaded assembly
- Finished resetting the current domain, in  0.790 seconds
Domain Reload Profiling:
	ReloadAssembly (253ms)
		BeginReloadAssembly (161ms)
			ExecutionOrderSort (0ms)
			DisableScriptedObjects (8ms)
			BackupInstance (0ms)
			ReleaseScriptingObjects (0ms)
			CreateAndSetChildDomain (51ms)
		LoadAllAssembliesAndSetupDomain (368ms)
			LoadAssemblies (85ms)
			RebuildTransferFunctionScriptingTraits (0ms)
			SetupTypeCache (350ms)
				TypeCache.Initialize (258ms)
					TypeCache.ScanAssembly (253ms)
				ResolveRequiredComponents (3ms)
		FinalizeReload (0ms)
			ReleaseScriptCaches (0ms)
			RebuildScriptCaches (0ms)
			SetupLoadedEditorAssemblies (518ms)
				LogAssemblyErrors (0ms)
				InitializePlatformSupportModulesInManaged (26ms)
				SetLoadedEditorAssemblies (7ms)
				RefreshPlugins (0ms)
				BeforeProcessingInitializeOnLoad (61ms)
				ProcessInitializeOnLoadAttributes (262ms)
				ProcessInitializeOnLoadMethodAttributes (159ms)
				AfterProcessingInitializeOnLoad (3ms)
				EditorAssembliesLoaded (0ms)
			ExecutionOrderSort2 (0ms)
			AwakeInstancesAfterBackupRestoration (6ms)
Refreshing native plugins compatible for Editor in 5.45 ms, found 2 plugins.
Preloading 0 native plugins for Editor in 0.00 ms.
Unloading 2270 Unused Serialized files (Serialized files now loaded: 0)
Unloading 28 unused Assets / (44.6 KB). Loaded Objects now: 2883.
Memory consumption went from 369.4 MB to 369.3 MB.
Total: 5.983000 ms (FindLiveObjects: 0.442400 ms CreateObjectMapping: 0.396500 ms MarkObjects: 5.096300 ms  DeleteObjects: 0.046400 ms)

AssetImportParameters requested are different than current active one (requested -> active):
  custom:video-decoder-webm-vp8: 9c59270c3fd7afecdb556c50c9e8de78 -> 
  custom:container-demuxer-ogg: 62fdf1f143b41e24485cea50d1cbac27 -> 
  custom:AudioImporter_EditorPlatform: d09bf68614088b80899f8185d706f6e7 -> 
  custom:video-decoder-ogg-theora: a1e56fd34408186e4bbccfd4996cb3dc -> 
  custom:framework-win-MediaFoundation: 216162199b28c13a410421893ffa2e32 -> 
  custom:video-encoder-webm-vp8: eb34c28f22e8b96e1ab97ce403110664 -> 
  custom:audio-decoder-ogg-vorbis: bf7c407c2cedff20999df2af8eb42d56 -> 
  custom:container-demuxer-webm: 4f35f7cbe854078d1ac9338744f61a02 -> 
  custom:audio-encoder-webm-vorbis: bf7c407c2cedff20999df2af8eb42d56 -> 
  custom:container-muxer-webm: aa71ff27fc2769a1b78a27578f13a17b -> 
========================================================================
Received Prepare
Begin MonoManager ReloadAssembly
- Loaded All Assemblies, in  0.727 seconds
Refreshing native plugins compatible for Editor in 8.15 ms, found 2 plugins.
Native extension for WindowsStandalone target not found
Native extension for Android target not found
[Package Manager] Server::EnsureServerProcessIsRunning -- launch failed, reason: Unity was launched with the -noUpm command-line argument
[Package Manager] UpmClient::Send -- Unable to send message (not connected to UPM process).
[Package Manager] Cannot connect to Unity Package Manager local server
Mono: successfully reloaded assembly
- Finished resetting the current domain, in  0.842 seconds
Domain Reload Profiling:
	ReloadAssembly (292ms)
		BeginReloadAssembly (183ms)
			ExecutionOrderSort (0ms)
			DisableScriptedObjects (10ms)
			BackupInstance (0ms)
			ReleaseScriptingObjects (0ms)
			CreateAndSetChildDomain (60ms)
		LoadAllAssembliesAndSetupDomain (434ms)
			LoadAssemblies (104ms)
			RebuildTransferFunctionScriptingTraits (0ms)
			SetupTypeCache (410ms)
				TypeCache.Initialize (306ms)
					TypeCache.ScanAssembly (300ms)
				ResolveRequiredComponents (4ms)
		FinalizeReload (0ms)
			ReleaseScriptCaches (0ms)
			RebuildScriptCaches (0ms)
			SetupLoadedEditorAssemblies (524ms)
				LogAssemblyErrors (0ms)
				InitializePlatformSupportModulesInManaged (30ms)
				SetLoadedEditorAssemblies (4ms)
				RefreshPlugins (0ms)
				BeforeProcessingInitializeOnLoad (60ms)
				ProcessInitializeOnLoadAttributes (265ms)
				ProcessInitializeOnLoadMethodAttributes (161ms)
				AfterProcessingInitializeOnLoad (4ms)
				EditorAssembliesLoaded (0ms)
			ExecutionOrderSort2 (0ms)
			AwakeInstancesAfterBackupRestoration (6ms)
Refreshing native plugins compatible for Editor in 4.59 ms, found 2 plugins.
Preloading 0 native plugins for Editor in 0.00 ms.
Unloading 2233 Unused Serialized files (Serialized files now loaded: 0)
Unloading 30 unused Assets / (46.7 KB). Loaded Objects now: 2883.
Memory consumption went from 364.3 MB to 364.2 MB.
Total: 6.213200 ms (FindLiveObjects: 0.210100 ms CreateObjectMapping: 0.146900 ms MarkObjects: 5.804900 ms  DeleteObjects: 0.050300 ms)

AssetImportParameters requested are different than current active one (requested -> active):
  custom:video-decoder-webm-vp8: 9c59270c3fd7afecdb556c50c9e8de78 -> 
  custom:container-demuxer-ogg: 62fdf1f143b41e24485cea50d1cbac27 -> 
  custom:AudioImporter_EditorPlatform: d09bf68614088b80899f8185d706f6e7 -> 
  custom:video-decoder-ogg-theora: a1e56fd34408186e4bbccfd4996cb3dc -> 
  custom:framework-win-MediaFoundation: 216162199b28c13a410421893ffa2e32 -> 
  custom:video-encoder-webm-vp8: eb34c28f22e8b96e1ab97ce403110664 -> 
  custom:audio-decoder-ogg-vorbis: bf7c407c2cedff20999df2af8eb42d56 -> 
  custom:container-demuxer-webm: 4f35f7cbe854078d1ac9338744f61a02 -> 
  custom:audio-encoder-webm-vorbis: bf7c407c2cedff20999df2af8eb42d56 -> 
  custom:container-muxer-webm: aa71ff27fc2769a1b78a27578f13a17b -> 
========================================================================
Received Prepare
Begin MonoManager ReloadAssembly
- Loaded All Assemblies, in  0.722 seconds
Refreshing native plugins compatible for Editor in 6.50 ms, found 2 plugins.
Native extension for WindowsStandalone target not found
Native extension for Android target not found
[Package Manager] Server::EnsureServerProcessIsRunning -- launch failed, reason: Unity was launched with the -noUpm command-line argument
[Package Manager] UpmClient::Send -- Unable to send message (not connected to UPM process).
[Package Manager] Cannot connect to Unity Package Manager local server
Mono: successfully reloaded assembly
- Finished resetting the current domain, in  0.821 seconds
Domain Reload Profiling:
	ReloadAssembly (263ms)
		BeginReloadAssembly (169ms)
			ExecutionOrderSort (0ms)
			DisableScriptedObjects (9ms)
			BackupInstance (0ms)
			ReleaseScriptingObjects (0ms)
			CreateAndSetChildDomain (56ms)
		LoadAllAssembliesAndSetupDomain (458ms)
			LoadAssemblies (83ms)
			RebuildTransferFunctionScriptingTraits (0ms)
			SetupTypeCache (440ms)
				TypeCache.Initialize (328ms)
					TypeCache.ScanAssembly (323ms)
				ResolveRequiredComponents (3ms)
		FinalizeReload (0ms)
			ReleaseScriptCaches (0ms)
			RebuildScriptCaches (0ms)
			SetupLoadedEditorAssemblies (506ms)
				LogAssemblyErrors (0ms)
				InitializePlatformSupportModulesInManaged (23ms)
				SetLoadedEditorAssemblies (6ms)
				RefreshPlugins (0ms)
				BeforeProcessingInitializeOnLoad (61ms)
				ProcessInitializeOnLoadAttributes (242ms)
				ProcessInitializeOnLoadMethodAttributes (171ms)
				AfterProcessingInitializeOnLoad (3ms)
				EditorAssembliesLoaded (0ms)
			ExecutionOrderSort2 (0ms)
			AwakeInstancesAfterBackupRestoration (6ms)
Refreshing native plugins compatible for Editor in 3.86 ms, found 2 plugins.
Preloading 0 native plugins for Editor in 0.00 ms.
Unloading 2234 Unused Serialized files (Serialized files now loaded: 0)
Unloading 27 unused Assets / (44.1 KB). Loaded Objects now: 2887.
Memory consumption went from 364.4 MB to 364.4 MB.
Total: 6.082900 ms (FindLiveObjects: 0.206500 ms CreateObjectMapping: 0.133900 ms MarkObjects: 5.696200 ms  DeleteObjects: 0.045400 ms)

AssetImportParameters requested are different than current active one (requested -> active):
  custom:video-decoder-webm-vp8: 9c59270c3fd7afecdb556c50c9e8de78 -> 
  custom:container-demuxer-ogg: 62fdf1f143b41e24485cea50d1cbac27 -> 
  custom:AudioImporter_EditorPlatform: d09bf68614088b80899f8185d706f6e7 -> 
  custom:video-decoder-ogg-theora: a1e56fd34408186e4bbccfd4996cb3dc -> 
  custom:framework-win-MediaFoundation: 216162199b28c13a410421893ffa2e32 -> 
  custom:video-encoder-webm-vp8: eb34c28f22e8b96e1ab97ce403110664 -> 
  custom:audio-decoder-ogg-vorbis: bf7c407c2cedff20999df2af8eb42d56 -> 
  custom:container-demuxer-webm: 4f35f7cbe854078d1ac9338744f61a02 -> 
  custom:audio-encoder-webm-vorbis: bf7c407c2cedff20999df2af8eb42d56 -> 
  custom:container-muxer-webm: aa71ff27fc2769a1b78a27578f13a17b -> 
========================================================================
Received Prepare
Begin MonoManager ReloadAssembly
- Loaded All Assemblies, in  0.640 seconds
Refreshing native plugins compatible for Editor in 5.55 ms, found 2 plugins.
Native extension for WindowsStandalone target not found
Native extension for Android target not found
[Package Manager] Server::EnsureServerProcessIsRunning -- launch failed, reason: Unity was launched with the -noUpm command-line argument
[Package Manager] UpmClient::Send -- Unable to send message (not connected to UPM process).
[Package Manager] Cannot connect to Unity Package Manager local server
Mono: successfully reloaded assembly
- Finished resetting the current domain, in  0.963 seconds
Domain Reload Profiling:
	ReloadAssembly (236ms)
		BeginReloadAssembly (142ms)
			ExecutionOrderSort (0ms)
			DisableScriptedObjects (7ms)
			BackupInstance (0ms)
			ReleaseScriptingObjects (0ms)
			CreateAndSetChildDomain (45ms)
		LoadAllAssembliesAndSetupDomain (404ms)
			LoadAssemblies (88ms)
			RebuildTransferFunctionScriptingTraits (0ms)
			SetupTypeCache (374ms)
				TypeCache.Initialize (279ms)
					TypeCache.ScanAssembly (272ms)
				ResolveRequiredComponents (3ms)
		FinalizeReload (0ms)
			ReleaseScriptCaches (0ms)
			RebuildScriptCaches (0ms)
			SetupLoadedEditorAssemblies (670ms)
				LogAssemblyErrors (0ms)
				InitializePlatformSupportModulesInManaged (27ms)
				SetLoadedEditorAssemblies (5ms)
				RefreshPlugins (0ms)
				BeforeProcessingInitializeOnLoad (67ms)
				ProcessInitializeOnLoadAttributes (336ms)
				ProcessInitializeOnLoadMethodAttributes (232ms)
				AfterProcessingInitializeOnLoad (4ms)
				EditorAssembliesLoaded (0ms)
			ExecutionOrderSort2 (0ms)
			AwakeInstancesAfterBackupRestoration (10ms)
Refreshing native plugins compatible for Editor in 8.71 ms, found 2 plugins.
Preloading 0 native plugins for Editor in 0.00 ms.
Unloading 2234 Unused Serialized files (Serialized files now loaded: 0)
Unloading 27 unused Assets / (44.1 KB). Loaded Objects now: 2890.
Memory consumption went from 364.4 MB to 364.4 MB.
Total: 8.180800 ms (FindLiveObjects: 0.253700 ms CreateObjectMapping: 0.178300 ms MarkObjects: 7.677200 ms  DeleteObjects: 0.070300 ms)

AssetImportParameters requested are different than current active one (requested -> active):
  custom:video-decoder-webm-vp8: 9c59270c3fd7afecdb556c50c9e8de78 -> 
  custom:container-demuxer-ogg: 62fdf1f143b41e24485cea50d1cbac27 -> 
  custom:AudioImporter_EditorPlatform: d09bf68614088b80899f8185d706f6e7 -> 
  custom:video-decoder-ogg-theora: a1e56fd34408186e4bbccfd4996cb3dc -> 
  custom:framework-win-MediaFoundation: 216162199b28c13a410421893ffa2e32 -> 
  custom:video-encoder-webm-vp8: eb34c28f22e8b96e1ab97ce403110664 -> 
  custom:audio-decoder-ogg-vorbis: bf7c407c2cedff20999df2af8eb42d56 -> 
  custom:container-demuxer-webm: 4f35f7cbe854078d1ac9338744f61a02 -> 
  custom:audio-encoder-webm-vorbis: bf7c407c2cedff20999df2af8eb42d56 -> 
  custom:container-muxer-webm: aa71ff27fc2769a1b78a27578f13a17b -> 
